<?xml version="1.0" encoding="UTF-8"?>
<!-- Generated by org.testng.reporters.JUnitReportReporter -->
<testsuite hostname="T-" name="Test.TC_04" tests="1" failures="0" timestamp="15 Jul 2014 10:38:41 GMT" time="8.647" errors="0">
  <testcase name="TC_04" time="8.647" classname="Test.TC_04"/>
</testsuite> <!-- Test.TC_04 -->
