<?xml version="1.0" encoding="UTF-8"?>
<!-- Generated by org.testng.reporters.JUnitReportReporter -->
<testsuite hostname="T-" name="Test.CreateTopic" tests="1" failures="0" timestamp="2 Aug 2014 04:46:28 GMT" time="60.071" errors="0">
  <testcase name="CreateTopic" time="60.071" classname="Test.CreateTopic"/>
</testsuite> <!-- Test.CreateTopic -->
