<?xml version="1.0" encoding="UTF-8"?>
<!-- Generated by org.testng.reporters.JUnitReportReporter -->
<testsuite hostname="T-" name="Test.TC001" tests="1" failures="0" timestamp="31 Jul 2014 11:41:04 GMT" time="25.286" errors="0">
  <testcase name="TC001" time="25.286" classname="Test.TC001"/>
</testsuite> <!-- Test.TC001 -->
