<?xml version="1.0" encoding="UTF-8"?>
<!-- Generated by org.testng.reporters.JUnitReportReporter -->
<testsuite hostname="T-" name="Test.TC_05" tests="1" failures="0" timestamp="31 Jul 2014 12:20:57 GMT" time="0.310" errors="0">
  <testcase name="TC_05" time="0.310" classname="Test.TC_05"/>
</testsuite> <!-- Test.TC_05 -->
